<?xml version="1.0" encoding="UTF-8"?>
<testsuite name="ArmstrongNumbersTest" tests="8" skipped="4" failures="0" errors="0" timestamp="2018-03-07T16:16:15" hostname="Michaels-MacBook-Pro.local" time="0.003">
  <properties/>
  <testcase name="threeDigitNumberIsNotArmstrongNumber" classname="ArmstrongNumbersTest" time="0.001"/>
  <testcase name="sevenDigitNumberIsNotArmstrongNumber" classname="ArmstrongNumbersTest" time="0.0">
    <skipped/>
  </testcase>
  <testcase name="noTwoDigitArmstrongNumbers" classname="ArmstrongNumbersTest" time="0.0"/>
  <testcase name="singleDigitsAreArmstrongNumbers" classname="ArmstrongNumbersTest" time="0.0"/>
  <testcase name="sevenDigitNumberIsArmstrongNumber" classname="ArmstrongNumbersTest" time="0.0">
    <skipped/>
  </testcase>
  <testcase name="fourDigitNumberIsNotArmstrongNumber" classname="ArmstrongNumbersTest" time="0.001">
    <skipped/>
  </testcase>
  <testcase name="fourDigitNumberIsArmstrongNumber" classname="ArmstrongNumbersTest" time="0.0">
    <skipped/>
  </testcase>
  <testcase name="threeDigitNumberIsArmstrongNumber" classname="ArmstrongNumbersTest" time="0.0"/>
  <system-out><![CDATA[]]></system-out>
  <system-err><![CDATA[]]></system-err>
</testsuite>
